  u64tohex.c
  u64tostr.c
  ultohex.c
  ultostr.c
  util.c
  windefend.c
  _strcat.c
  _strcmpi.c
  _strcpy.c
  _strend.c
  _strlen.c
  _strncmp.c
  _strncmpi.c
  _strncpy.c
  _strstri.c
  dllmain.c
     Creating library .\output\x64\Release\Akatsuki64.lib and object .\output\x64\Release\Akatsuki64.exp
  Generating code
  Previous IPDB not found, fall back to full compilation.
  All 32 functions were compiled because no usable IPDB/IOBJ from previous compilation was found.
  Finished generating code
  Akatsuki.vcxproj -> C:\Users\adamw\source\repos\Costco\Source\Akatsuki\output\x64\Release\Akatsuki64.dll
